2025-12-01 14:35:38 [main] INFO  c.s.s.SecureDemoApplication - Starting SecureDemoApplication using Java 21.0.8 with PID 4676 (C:\Users\ni_vu_ni_connu\Desktop\Mathias\Cours\GLSI 2025-2026\Current\Sécurité BD\Exposé\Pour nous\TP\secure-demo-v2\secure-demo\target\classes started by ni_vu_ni_connu in C:\Users\ni_vu_ni_connu\Desktop\Mathias\Cours\GLSI 2025-2026\Current\Sécurité BD\Exposé\Pour nous\TP\secure-demo-v2\secure-demo)
2025-12-01 14:35:38 [main] DEBUG c.s.s.SecureDemoApplication - Running with Spring Boot v3.5.5, Spring v6.2.10
2025-12-01 14:35:38 [main] INFO  c.s.s.SecureDemoApplication - No active profile set, falling back to 1 default profile: "default"
2025-12-01 14:35:42 [main] INFO  o.s.d.r.c.RepositoryConfigurationDelegate - Bootstrapping Spring Data JPA repositories in DEFAULT mode.
2025-12-01 14:35:42 [main] INFO  o.s.d.r.c.RepositoryConfigurationDelegate - Finished Spring Data repository scanning in 146 ms. Found 2 JPA repository interfaces.
2025-12-01 14:35:44 [main] INFO  o.s.b.w.e.tomcat.TomcatWebServer - Tomcat initialized with port 8081 (http)
2025-12-01 14:35:44 [main] INFO  o.a.catalina.core.StandardService - Starting service [Tomcat]
2025-12-01 14:35:44 [main] INFO  o.a.catalina.core.StandardEngine - Starting Servlet engine: [Apache Tomcat/10.1.44]
2025-12-01 14:35:44 [main] INFO  o.a.c.c.C.[Tomcat].[localhost].[/] - Initializing Spring embedded WebApplicationContext
2025-12-01 14:35:44 [main] INFO  o.s.b.w.s.c.ServletWebServerApplicationContext - Root WebApplicationContext: initialization completed in 5929 ms
2025-12-01 14:35:45 [main] INFO  o.h.jpa.internal.util.LogHelper - HHH000204: Processing PersistenceUnitInfo [name: default]
2025-12-01 14:35:46 [main] INFO  org.hibernate.Version - HHH000412: Hibernate ORM core version 6.6.26.Final
2025-12-01 14:35:46 [main] INFO  o.h.c.i.RegionFactoryInitiator - HHH000026: Second-level cache disabled
2025-12-01 14:35:47 [main] INFO  o.s.o.j.p.SpringPersistenceUnitInfo - No LoadTimeWeaver setup: ignoring JPA class transformer
2025-12-01 14:35:47 [main] INFO  com.zaxxer.hikari.HikariDataSource - HikariPool-1 - Starting...
2025-12-01 14:35:48 [main] INFO  com.zaxxer.hikari.pool.HikariPool - HikariPool-1 - Added connection com.mysql.cj.jdbc.ConnectionImpl@ba0018e
2025-12-01 14:35:48 [main] INFO  com.zaxxer.hikari.HikariDataSource - HikariPool-1 - Start completed.
2025-12-01 14:35:48 [main] WARN  org.hibernate.dialect.Dialect - HHH000511: The 5.5.5 version for [org.hibernate.dialect.MySQLDialect] is no longer supported, hence certain features may not work properly. The minimum supported version is 8.0.0. Check the community dialects project for available legacy versions.
2025-12-01 14:35:48 [main] INFO  o.hibernate.orm.connections.pooling - HHH10001005: Database info:
	Database JDBC URL [Connecting through datasource 'HikariDataSource (HikariPool-1)']
	Database driver: undefined/unknown
	Database version: 5.5.5
	Autocommit mode: undefined/unknown
	Isolation level: undefined/unknown
	Minimum pool size: undefined/unknown
	Maximum pool size: undefined/unknown
2025-12-01 14:35:52 [main] INFO  o.h.e.t.j.p.i.JtaPlatformInitiator - HHH000489: No JTA platform available (set 'hibernate.transaction.jta.platform' to enable JTA platform integration)
2025-12-01 14:35:52 [main] INFO  o.s.o.j.LocalContainerEntityManagerFactoryBean - Initialized JPA EntityManagerFactory for persistence unit 'default'
2025-12-01 14:35:53 [main] INFO  o.s.d.j.r.query.QueryEnhancerFactory - Hibernate is in classpath; If applicable, HQL parser will be used.
2025-12-01 14:35:55 [main] DEBUG c.s.s.s.JwtAuthenticationFilter - Filter 'jwtAuthenticationFilter' configured for use
2025-12-01 14:35:55 [main] INFO  o.s.b.a.w.s.WelcomePageHandlerMapping - Adding welcome page: class path resource [static/index.html]
2025-12-01 14:35:56 [main] INFO  o.s.b.a.e.web.EndpointLinksResolver - Exposing 2 endpoints beneath base path '/actuator'
2025-12-01 14:35:56 [main] WARN  o.s.b.a.s.s.UserDetailsServiceAutoConfiguration - 

Using generated security password: dddc863a-5c65-4e9e-bbb4-f5b6edb9506f

This generated password is for development use only. Your security configuration must be updated before running your application in production.

2025-12-01 14:35:56 [main] INFO  o.s.s.c.a.a.c.InitializeUserDetailsBeanManagerConfigurer$InitializeUserDetailsManagerConfigurer - Global AuthenticationManager configured with UserDetailsService bean with name inMemoryUserDetailsManager
2025-12-01 14:35:57 [main] DEBUG o.s.s.web.DefaultSecurityFilterChain - Will secure any request with filters: DisableEncodeUrlFilter, WebAsyncManagerIntegrationFilter, SecurityContextHolderFilter, HeaderWriterFilter, CorsFilter, LogoutFilter, JwtAuthenticationFilter, RequestCacheAwareFilter, SecurityContextHolderAwareRequestFilter, AnonymousAuthenticationFilter, SessionManagementFilter, ExceptionTranslationFilter, AuthorizationFilter
2025-12-01 14:35:58 [main] INFO  o.s.b.w.e.tomcat.TomcatWebServer - Tomcat started on port 8081 (http) with context path '/'
2025-12-01 14:35:58 [main] INFO  c.s.s.SecureDemoApplication - Started SecureDemoApplication in 21.17 seconds (process running for 22.916)
2025-12-01 14:36:06 [http-nio-8081-exec-1] INFO  o.a.c.c.C.[Tomcat].[localhost].[/] - Initializing Spring DispatcherServlet 'dispatcherServlet'
2025-12-01 14:36:06 [http-nio-8081-exec-1] INFO  o.s.web.servlet.DispatcherServlet - Initializing Servlet 'dispatcherServlet'
2025-12-01 14:36:06 [http-nio-8081-exec-1] INFO  o.s.web.servlet.DispatcherServlet - Completed initialization in 3 ms
2025-12-01 14:36:06 [http-nio-8081-exec-1] DEBUG o.s.security.web.FilterChainProxy - Securing GET /index.html
2025-12-01 14:36:06 [http-nio-8081-exec-1] DEBUG o.s.s.w.a.AnonymousAuthenticationFilter - Set SecurityContextHolder to anonymous SecurityContext
2025-12-01 14:36:06 [http-nio-8081-exec-1] DEBUG o.s.security.web.FilterChainProxy - Secured GET /index.html
2025-12-01 14:36:06 [http-nio-8081-exec-2] DEBUG o.s.security.web.FilterChainProxy - Securing GET /index.html
2025-12-01 14:36:06 [http-nio-8081-exec-2] DEBUG o.s.s.w.a.AnonymousAuthenticationFilter - Set SecurityContextHolder to anonymous SecurityContext
2025-12-01 14:36:06 [http-nio-8081-exec-2] DEBUG o.s.s.w.s.SessionManagementFilter - Request requested invalid session id 9793AE29B88C71A4301CA0E62076E5C4
2025-12-01 14:36:06 [http-nio-8081-exec-2] DEBUG o.s.security.web.FilterChainProxy - Secured GET /index.html
2025-12-01 14:36:07 [http-nio-8081-exec-3] DEBUG o.s.security.web.FilterChainProxy - Securing GET /logo.png
2025-12-01 14:36:07 [http-nio-8081-exec-3] DEBUG o.s.s.w.a.AnonymousAuthenticationFilter - Set SecurityContextHolder to anonymous SecurityContext
2025-12-01 14:36:07 [http-nio-8081-exec-3] DEBUG o.s.s.w.s.SessionManagementFilter - Request requested invalid session id 9793AE29B88C71A4301CA0E62076E5C4
2025-12-01 14:36:07 [http-nio-8081-exec-3] DEBUG o.s.security.web.FilterChainProxy - Secured GET /logo.png
2025-12-01 14:36:26 [http-nio-8081-exec-6] DEBUG o.s.security.web.FilterChainProxy - Securing POST /api/auth/login
2025-12-01 14:36:26 [http-nio-8081-exec-6] DEBUG o.s.s.w.a.AnonymousAuthenticationFilter - Set SecurityContextHolder to anonymous SecurityContext
2025-12-01 14:36:26 [http-nio-8081-exec-6] DEBUG o.s.s.w.s.SessionManagementFilter - Request requested invalid session id 9793AE29B88C71A4301CA0E62076E5C4
2025-12-01 14:36:26 [http-nio-8081-exec-6] DEBUG o.s.security.web.FilterChainProxy - Secured POST /api/auth/login
2025-12-01 14:36:27 [http-nio-8081-exec-6] DEBUG org.hibernate.SQL - select u1_0.id,u1_0.created_at,u1_0.email,u1_0.enabled,u1_0.failed_attempts,u1_0.last_login_date,u1_0.last_login_ip,u1_0.locked_until,u1_0.password,u1_0.username from users u1_0 where u1_0.username=?
2025-12-01 14:36:28 [http-nio-8081-exec-6] DEBUG org.hibernate.SQL - select u1_0.id,u1_0.created_at,u1_0.email,u1_0.enabled,u1_0.failed_attempts,u1_0.last_login_date,u1_0.last_login_ip,u1_0.locked_until,u1_0.password,u1_0.username from users u1_0 where u1_0.id=?
2025-12-01 14:36:28 [http-nio-8081-exec-6] DEBUG org.hibernate.SQL - update users set created_at=?,email=?,enabled=?,failed_attempts=?,last_login_date=?,last_login_ip=?,locked_until=?,password=?,username=? where id=?
2025-12-01 14:36:29 [http-nio-8081-exec-6] DEBUG org.hibernate.SQL - insert into audit_logs (action,details,ip_address,success,timestamp,username) values (?,?,?,?,?,?)
2025-12-01 14:36:31 [http-nio-8081-exec-8] DEBUG o.s.security.web.FilterChainProxy - Securing GET /dashboard.html
2025-12-01 14:36:31 [http-nio-8081-exec-8] DEBUG o.s.s.w.a.AnonymousAuthenticationFilter - Set SecurityContextHolder to anonymous SecurityContext
2025-12-01 14:36:31 [http-nio-8081-exec-8] DEBUG o.s.s.w.s.SessionManagementFilter - Request requested invalid session id 9793AE29B88C71A4301CA0E62076E5C4
2025-12-01 14:36:31 [http-nio-8081-exec-8] DEBUG o.s.security.web.FilterChainProxy - Secured GET /dashboard.html
2025-12-01 14:36:31 [http-nio-8081-exec-9] DEBUG o.s.security.web.FilterChainProxy - Securing GET /api/users/me
2025-12-01 14:36:31 [http-nio-8081-exec-9] DEBUG org.hibernate.SQL - select u1_0.id,u1_0.created_at,u1_0.email,u1_0.enabled,u1_0.failed_attempts,u1_0.last_login_date,u1_0.last_login_ip,u1_0.locked_until,u1_0.password,u1_0.username from users u1_0 where u1_0.username=?
2025-12-01 14:36:31 [http-nio-8081-exec-9] DEBUG c.s.s.s.JwtAuthenticationFilter - Authentification définie pour l'utilisateur: admin2
2025-12-01 14:36:31 [http-nio-8081-exec-9] DEBUG o.s.security.web.FilterChainProxy - Secured GET /api/users/me
2025-12-01 14:38:06 [main] INFO  c.s.s.SecureDemoApplication - Starting SecureDemoApplication using Java 21.0.8 with PID 19280 (C:\Users\ni_vu_ni_connu\Desktop\Mathias\Cours\GLSI 2025-2026\Current\Sécurité BD\Exposé\Pour nous\TP\secure-demo-v2\secure-demo\target\classes started by ni_vu_ni_connu in c:\Users\ni_vu_ni_connu\Desktop\Mathias\Cours\GLSI 2025-2026\Current\Sécurité BD\Exposé\Pour nous\TP\secure-demo-v2\secure-demo)
2025-12-01 14:38:06 [main] DEBUG c.s.s.SecureDemoApplication - Running with Spring Boot v3.5.5, Spring v6.2.10
2025-12-01 14:38:06 [main] INFO  c.s.s.SecureDemoApplication - No active profile set, falling back to 1 default profile: "default"
2025-12-01 14:38:09 [main] INFO  o.s.d.r.c.RepositoryConfigurationDelegate - Bootstrapping Spring Data JPA repositories in DEFAULT mode.
2025-12-01 14:38:09 [main] INFO  o.s.d.r.c.RepositoryConfigurationDelegate - Finished Spring Data repository scanning in 136 ms. Found 2 JPA repository interfaces.
2025-12-01 14:38:11 [main] INFO  o.s.b.w.e.tomcat.TomcatWebServer - Tomcat initialized with port 8081 (http)
2025-12-01 14:38:11 [main] INFO  o.a.catalina.core.StandardService - Starting service [Tomcat]
2025-12-01 14:38:11 [main] INFO  o.a.catalina.core.StandardEngine - Starting Servlet engine: [Apache Tomcat/10.1.44]
2025-12-01 14:38:11 [main] INFO  o.a.c.c.C.[Tomcat].[localhost].[/] - Initializing Spring embedded WebApplicationContext
2025-12-01 14:38:11 [main] INFO  o.s.b.w.s.c.ServletWebServerApplicationContext - Root WebApplicationContext: initialization completed in 4988 ms
2025-12-01 14:38:12 [main] INFO  o.h.jpa.internal.util.LogHelper - HHH000204: Processing PersistenceUnitInfo [name: default]
2025-12-01 14:38:12 [main] INFO  org.hibernate.Version - HHH000412: Hibernate ORM core version 6.6.26.Final
2025-12-01 14:38:12 [main] INFO  o.h.c.i.RegionFactoryInitiator - HHH000026: Second-level cache disabled
2025-12-01 14:38:13 [main] INFO  o.s.o.j.p.SpringPersistenceUnitInfo - No LoadTimeWeaver setup: ignoring JPA class transformer
2025-12-01 14:38:14 [main] INFO  com.zaxxer.hikari.HikariDataSource - HikariPool-1 - Starting...
2025-12-01 14:38:14 [main] INFO  com.zaxxer.hikari.pool.HikariPool - HikariPool-1 - Added connection com.mysql.cj.jdbc.ConnectionImpl@4a58e0e9
2025-12-01 14:38:14 [main] INFO  com.zaxxer.hikari.HikariDataSource - HikariPool-1 - Start completed.
2025-12-01 14:38:14 [main] WARN  org.hibernate.dialect.Dialect - HHH000511: The 5.5.5 version for [org.hibernate.dialect.MySQLDialect] is no longer supported, hence certain features may not work properly. The minimum supported version is 8.0.0. Check the community dialects project for available legacy versions.
2025-12-01 14:38:14 [main] INFO  o.hibernate.orm.connections.pooling - HHH10001005: Database info:
	Database JDBC URL [Connecting through datasource 'HikariDataSource (HikariPool-1)']
	Database driver: undefined/unknown
	Database version: 5.5.5
	Autocommit mode: undefined/unknown
	Isolation level: undefined/unknown
	Minimum pool size: undefined/unknown
	Maximum pool size: undefined/unknown
2025-12-01 14:38:17 [main] INFO  o.h.e.t.j.p.i.JtaPlatformInitiator - HHH000489: No JTA platform available (set 'hibernate.transaction.jta.platform' to enable JTA platform integration)
2025-12-01 14:38:17 [main] INFO  o.s.o.j.LocalContainerEntityManagerFactoryBean - Initialized JPA EntityManagerFactory for persistence unit 'default'
2025-12-01 14:38:18 [main] INFO  o.s.d.j.r.query.QueryEnhancerFactory - Hibernate is in classpath; If applicable, HQL parser will be used.
2025-12-01 14:38:20 [main] DEBUG c.s.s.s.JwtAuthenticationFilter - Filter 'jwtAuthenticationFilter' configured for use
2025-12-01 14:38:20 [main] INFO  o.s.b.a.w.s.WelcomePageHandlerMapping - Adding welcome page: class path resource [static/index.html]
2025-12-01 14:38:21 [main] INFO  o.s.b.a.e.web.EndpointLinksResolver - Exposing 2 endpoints beneath base path '/actuator'
2025-12-01 14:38:21 [main] WARN  o.s.b.a.s.s.UserDetailsServiceAutoConfiguration - 

Using generated security password: 0979e7b6-24db-4f92-bb8a-1d17e3e702de

This generated password is for development use only. Your security configuration must be updated before running your application in production.

2025-12-01 14:38:21 [main] INFO  o.s.s.c.a.a.c.InitializeUserDetailsBeanManagerConfigurer$InitializeUserDetailsManagerConfigurer - Global AuthenticationManager configured with UserDetailsService bean with name inMemoryUserDetailsManager
2025-12-01 14:38:22 [main] DEBUG o.s.s.web.DefaultSecurityFilterChain - Will secure any request with filters: DisableEncodeUrlFilter, WebAsyncManagerIntegrationFilter, SecurityContextHolderFilter, HeaderWriterFilter, CorsFilter, LogoutFilter, JwtAuthenticationFilter, RequestCacheAwareFilter, SecurityContextHolderAwareRequestFilter, AnonymousAuthenticationFilter, SessionManagementFilter, ExceptionTranslationFilter, AuthorizationFilter
2025-12-01 14:38:23 [main] INFO  o.s.b.w.e.tomcat.TomcatWebServer - Tomcat started on port 8081 (http) with context path '/'
2025-12-01 14:38:23 [main] INFO  c.s.s.SecureDemoApplication - Started SecureDemoApplication in 18.336 seconds (process running for 19.802)
2025-12-01 14:38:29 [http-nio-8081-exec-1] INFO  o.a.c.c.C.[Tomcat].[localhost].[/] - Initializing Spring DispatcherServlet 'dispatcherServlet'
2025-12-01 14:38:29 [http-nio-8081-exec-1] INFO  o.s.web.servlet.DispatcherServlet - Initializing Servlet 'dispatcherServlet'
2025-12-01 14:38:29 [http-nio-8081-exec-1] INFO  o.s.web.servlet.DispatcherServlet - Completed initialization in 3 ms
2025-12-01 14:38:29 [http-nio-8081-exec-1] DEBUG o.s.security.web.FilterChainProxy - Securing GET /dashboard.html
2025-12-01 14:38:29 [http-nio-8081-exec-1] DEBUG o.s.s.w.a.AnonymousAuthenticationFilter - Set SecurityContextHolder to anonymous SecurityContext
2025-12-01 14:38:29 [http-nio-8081-exec-1] DEBUG o.s.s.w.s.SessionManagementFilter - Request requested invalid session id 9793AE29B88C71A4301CA0E62076E5C4
2025-12-01 14:38:29 [http-nio-8081-exec-1] DEBUG o.s.security.web.FilterChainProxy - Secured GET /dashboard.html
2025-12-01 14:38:31 [http-nio-8081-exec-3] DEBUG o.s.security.web.FilterChainProxy - Securing GET /
2025-12-01 14:38:31 [http-nio-8081-exec-3] DEBUG o.s.s.w.a.AnonymousAuthenticationFilter - Set SecurityContextHolder to anonymous SecurityContext
2025-12-01 14:38:31 [http-nio-8081-exec-3] DEBUG o.s.s.w.s.SessionManagementFilter - Request requested invalid session id 9793AE29B88C71A4301CA0E62076E5C4
2025-12-01 14:38:31 [http-nio-8081-exec-3] DEBUG o.s.security.web.FilterChainProxy - Secured GET /
2025-12-01 14:38:31 [http-nio-8081-exec-3] DEBUG o.s.security.web.FilterChainProxy - Securing GET /index.html
2025-12-01 14:38:31 [http-nio-8081-exec-3] DEBUG o.s.security.web.FilterChainProxy - Secured GET /index.html
2025-12-01 14:40:32 [main] INFO  c.s.s.SecureDemoApplication - Starting SecureDemoApplication using Java 21.0.8 with PID 17848 (C:\Users\ni_vu_ni_connu\Desktop\Mathias\Cours\GLSI 2025-2026\Current\Sécurité BD\Exposé\Pour nous\TP\secure-demo-v2\secure-demo\target\classes started by ni_vu_ni_connu in c:\Users\ni_vu_ni_connu\Desktop\Mathias\Cours\GLSI 2025-2026\Current\Sécurité BD\Exposé\Pour nous\TP\secure-demo-v2\secure-demo)
2025-12-01 14:40:32 [main] DEBUG c.s.s.SecureDemoApplication - Running with Spring Boot v3.5.5, Spring v6.2.10
2025-12-01 14:40:32 [main] INFO  c.s.s.SecureDemoApplication - No active profile set, falling back to 1 default profile: "default"
2025-12-01 14:40:35 [main] INFO  o.s.d.r.c.RepositoryConfigurationDelegate - Bootstrapping Spring Data JPA repositories in DEFAULT mode.
2025-12-01 14:40:35 [main] INFO  o.s.d.r.c.RepositoryConfigurationDelegate - Finished Spring Data repository scanning in 203 ms. Found 2 JPA repository interfaces.
2025-12-01 14:40:37 [main] INFO  o.s.b.w.e.tomcat.TomcatWebServer - Tomcat initialized with port 8081 (http)
2025-12-01 14:40:37 [main] INFO  o.a.catalina.core.StandardService - Starting service [Tomcat]
2025-12-01 14:40:37 [main] INFO  o.a.catalina.core.StandardEngine - Starting Servlet engine: [Apache Tomcat/10.1.44]
2025-12-01 14:40:37 [main] INFO  o.a.c.c.C.[Tomcat].[localhost].[/] - Initializing Spring embedded WebApplicationContext
2025-12-01 14:40:37 [main] INFO  o.s.b.w.s.c.ServletWebServerApplicationContext - Root WebApplicationContext: initialization completed in 5306 ms
2025-12-01 14:40:38 [main] INFO  o.h.jpa.internal.util.LogHelper - HHH000204: Processing PersistenceUnitInfo [name: default]
2025-12-01 14:40:38 [main] INFO  org.hibernate.Version - HHH000412: Hibernate ORM core version 6.6.26.Final
2025-12-01 14:40:38 [main] INFO  o.h.c.i.RegionFactoryInitiator - HHH000026: Second-level cache disabled
2025-12-01 14:40:39 [main] INFO  o.s.o.j.p.SpringPersistenceUnitInfo - No LoadTimeWeaver setup: ignoring JPA class transformer
2025-12-01 14:40:39 [main] INFO  com.zaxxer.hikari.HikariDataSource - HikariPool-1 - Starting...
2025-12-01 14:40:39 [main] INFO  com.zaxxer.hikari.pool.HikariPool - HikariPool-1 - Added connection com.mysql.cj.jdbc.ConnectionImpl@6fe5da76
2025-12-01 14:40:39 [main] INFO  com.zaxxer.hikari.HikariDataSource - HikariPool-1 - Start completed.
2025-12-01 14:40:40 [main] WARN  org.hibernate.dialect.Dialect - HHH000511: The 5.5.5 version for [org.hibernate.dialect.MySQLDialect] is no longer supported, hence certain features may not work properly. The minimum supported version is 8.0.0. Check the community dialects project for available legacy versions.
2025-12-01 14:40:40 [main] INFO  o.hibernate.orm.connections.pooling - HHH10001005: Database info:
	Database JDBC URL [Connecting through datasource 'HikariDataSource (HikariPool-1)']
	Database driver: undefined/unknown
	Database version: 5.5.5
	Autocommit mode: undefined/unknown
	Isolation level: undefined/unknown
	Minimum pool size: undefined/unknown
	Maximum pool size: undefined/unknown
2025-12-01 14:40:42 [main] INFO  o.h.e.t.j.p.i.JtaPlatformInitiator - HHH000489: No JTA platform available (set 'hibernate.transaction.jta.platform' to enable JTA platform integration)
2025-12-01 14:40:43 [main] INFO  o.s.o.j.LocalContainerEntityManagerFactoryBean - Initialized JPA EntityManagerFactory for persistence unit 'default'
2025-12-01 14:40:43 [main] INFO  o.s.d.j.r.query.QueryEnhancerFactory - Hibernate is in classpath; If applicable, HQL parser will be used.
2025-12-01 14:40:45 [main] DEBUG c.s.s.s.JwtAuthenticationFilter - Filter 'jwtAuthenticationFilter' configured for use
2025-12-01 14:40:46 [main] INFO  o.s.b.a.w.s.WelcomePageHandlerMapping - Adding welcome page: class path resource [static/index.html]
2025-12-01 14:40:46 [main] INFO  o.s.b.a.e.web.EndpointLinksResolver - Exposing 2 endpoints beneath base path '/actuator'
2025-12-01 14:40:46 [main] WARN  o.s.b.a.s.s.UserDetailsServiceAutoConfiguration - 

Using generated security password: b8c8c8af-d0a6-4c03-905f-d334cccb01ec

This generated password is for development use only. Your security configuration must be updated before running your application in production.

2025-12-01 14:40:46 [main] INFO  o.s.s.c.a.a.c.InitializeUserDetailsBeanManagerConfigurer$InitializeUserDetailsManagerConfigurer - Global AuthenticationManager configured with UserDetailsService bean with name inMemoryUserDetailsManager
2025-12-01 14:40:46 [main] DEBUG o.s.s.web.DefaultSecurityFilterChain - Will secure any request with filters: DisableEncodeUrlFilter, WebAsyncManagerIntegrationFilter, SecurityContextHolderFilter, HeaderWriterFilter, CorsFilter, LogoutFilter, JwtAuthenticationFilter, RequestCacheAwareFilter, SecurityContextHolderAwareRequestFilter, AnonymousAuthenticationFilter, SessionManagementFilter, ExceptionTranslationFilter, AuthorizationFilter
2025-12-01 14:40:47 [main] INFO  o.s.b.w.e.tomcat.TomcatWebServer - Tomcat started on port 8081 (http) with context path '/'
2025-12-01 14:40:47 [main] INFO  c.s.s.SecureDemoApplication - Started SecureDemoApplication in 18.261 seconds (process running for 19.167)
2025-12-01 14:45:15 [HikariPool-1:housekeeper] WARN  com.zaxxer.hikari.pool.HikariPool - HikariPool-1 - Thread starvation or clock leap detected (housekeeper delta=3m35s606ms80µs200ns).
2025-12-01 14:45:24 [http-nio-8081-exec-1] INFO  o.a.c.c.C.[Tomcat].[localhost].[/] - Initializing Spring DispatcherServlet 'dispatcherServlet'
2025-12-01 14:45:24 [http-nio-8081-exec-1] INFO  o.s.web.servlet.DispatcherServlet - Initializing Servlet 'dispatcherServlet'
2025-12-01 14:45:24 [http-nio-8081-exec-1] INFO  o.s.web.servlet.DispatcherServlet - Completed initialization in 91 ms
2025-12-01 14:45:24 [http-nio-8081-exec-1] DEBUG o.s.security.web.FilterChainProxy - Securing POST /api/auth/login
2025-12-01 14:45:24 [http-nio-8081-exec-1] DEBUG o.s.s.w.a.AnonymousAuthenticationFilter - Set SecurityContextHolder to anonymous SecurityContext
2025-12-01 14:45:24 [http-nio-8081-exec-1] DEBUG o.s.s.w.s.SessionManagementFilter - Request requested invalid session id 9793AE29B88C71A4301CA0E62076E5C4
2025-12-01 14:45:24 [http-nio-8081-exec-1] DEBUG o.s.security.web.FilterChainProxy - Secured POST /api/auth/login
2025-12-01 14:45:25 [http-nio-8081-exec-1] DEBUG org.hibernate.SQL - select u1_0.id,u1_0.created_at,u1_0.email,u1_0.enabled,u1_0.failed_attempts,u1_0.last_login_date,u1_0.last_login_ip,u1_0.locked_until,u1_0.password,u1_0.username from users u1_0 where u1_0.username=?
2025-12-01 14:45:26 [http-nio-8081-exec-1] DEBUG org.hibernate.SQL - select u1_0.id,u1_0.created_at,u1_0.email,u1_0.enabled,u1_0.failed_attempts,u1_0.last_login_date,u1_0.last_login_ip,u1_0.locked_until,u1_0.password,u1_0.username from users u1_0 where u1_0.id=?
2025-12-01 14:45:27 [http-nio-8081-exec-1] DEBUG org.hibernate.SQL - update users set created_at=?,email=?,enabled=?,failed_attempts=?,last_login_date=?,last_login_ip=?,locked_until=?,password=?,username=? where id=?
2025-12-01 14:45:27 [http-nio-8081-exec-1] DEBUG org.hibernate.SQL - insert into audit_logs (action,details,ip_address,success,timestamp,username) values (?,?,?,?,?,?)
2025-12-01 14:45:28 [http-nio-8081-exec-2] DEBUG o.s.security.web.FilterChainProxy - Securing GET /dashboard.html
2025-12-01 14:45:28 [http-nio-8081-exec-2] DEBUG o.s.s.w.a.AnonymousAuthenticationFilter - Set SecurityContextHolder to anonymous SecurityContext
2025-12-01 14:45:28 [http-nio-8081-exec-2] DEBUG o.s.s.w.s.SessionManagementFilter - Request requested invalid session id 9793AE29B88C71A4301CA0E62076E5C4
2025-12-01 14:45:28 [http-nio-8081-exec-2] DEBUG o.s.security.web.FilterChainProxy - Secured GET /dashboard.html
2025-12-01 14:45:29 [http-nio-8081-exec-3] DEBUG o.s.security.web.FilterChainProxy - Securing GET /api/users/me
2025-12-01 14:45:29 [http-nio-8081-exec-3] DEBUG org.hibernate.SQL - select u1_0.id,u1_0.created_at,u1_0.email,u1_0.enabled,u1_0.failed_attempts,u1_0.last_login_date,u1_0.last_login_ip,u1_0.locked_until,u1_0.password,u1_0.username from users u1_0 where u1_0.username=?
2025-12-01 14:45:29 [http-nio-8081-exec-3] DEBUG c.s.s.s.JwtAuthenticationFilter - Authentification définie pour l'utilisateur: admin2
2025-12-01 14:45:29 [http-nio-8081-exec-3] DEBUG o.s.security.web.FilterChainProxy - Secured GET /api/users/me
2025-12-01 14:45:35 [http-nio-8081-exec-5] DEBUG o.s.security.web.FilterChainProxy - Securing GET /
2025-12-01 14:45:35 [http-nio-8081-exec-5] DEBUG o.s.s.w.a.AnonymousAuthenticationFilter - Set SecurityContextHolder to anonymous SecurityContext
2025-12-01 14:45:35 [http-nio-8081-exec-5] DEBUG o.s.s.w.s.SessionManagementFilter - Request requested invalid session id 9793AE29B88C71A4301CA0E62076E5C4
2025-12-01 14:45:35 [http-nio-8081-exec-5] DEBUG o.s.security.web.FilterChainProxy - Secured GET /
2025-12-01 14:45:35 [http-nio-8081-exec-5] DEBUG o.s.security.web.FilterChainProxy - Securing GET /index.html
2025-12-01 14:45:35 [http-nio-8081-exec-5] DEBUG o.s.security.web.FilterChainProxy - Secured GET /index.html
2025-12-01 14:45:46 [http-nio-8081-exec-9] DEBUG o.s.security.web.FilterChainProxy - Securing POST /api/auth/login
2025-12-01 14:45:46 [http-nio-8081-exec-9] DEBUG o.s.s.w.a.AnonymousAuthenticationFilter - Set SecurityContextHolder to anonymous SecurityContext
2025-12-01 14:45:46 [http-nio-8081-exec-9] DEBUG o.s.s.w.s.SessionManagementFilter - Request requested invalid session id 9793AE29B88C71A4301CA0E62076E5C4
2025-12-01 14:45:46 [http-nio-8081-exec-9] DEBUG o.s.security.web.FilterChainProxy - Secured POST /api/auth/login
2025-12-01 14:45:47 [http-nio-8081-exec-9] DEBUG org.hibernate.SQL - select u1_0.id,u1_0.created_at,u1_0.email,u1_0.enabled,u1_0.failed_attempts,u1_0.last_login_date,u1_0.last_login_ip,u1_0.locked_until,u1_0.password,u1_0.username from users u1_0 where u1_0.username=?
2025-12-01 14:45:47 [http-nio-8081-exec-9] DEBUG org.hibernate.SQL - insert into audit_logs (action,details,ip_address,success,timestamp,username) values (?,?,?,?,?,?)
2025-12-01 14:46:05 [http-nio-8081-exec-1] DEBUG o.s.security.web.FilterChainProxy - Securing POST /api/auth/login
2025-12-01 14:46:06 [http-nio-8081-exec-1] DEBUG o.s.s.w.a.AnonymousAuthenticationFilter - Set SecurityContextHolder to anonymous SecurityContext
2025-12-01 14:46:06 [http-nio-8081-exec-1] DEBUG o.s.s.w.s.SessionManagementFilter - Request requested invalid session id 9793AE29B88C71A4301CA0E62076E5C4
2025-12-01 14:46:06 [http-nio-8081-exec-1] DEBUG o.s.security.web.FilterChainProxy - Secured POST /api/auth/login
2025-12-01 14:46:06 [http-nio-8081-exec-1] DEBUG org.hibernate.SQL - select u1_0.id,u1_0.created_at,u1_0.email,u1_0.enabled,u1_0.failed_attempts,u1_0.last_login_date,u1_0.last_login_ip,u1_0.locked_until,u1_0.password,u1_0.username from users u1_0 where u1_0.username=?
2025-12-01 14:46:06 [http-nio-8081-exec-1] DEBUG org.hibernate.SQL - insert into audit_logs (action,details,ip_address,success,timestamp,username) values (?,?,?,?,?,?)
